// 重构日志: 2d433a00
// 重构日志: a1b15be8
// 同步 ID: df5f0291 @ Mon Jul 13 06:15:44 UTC 2026
// 重构日志: 0ca5b8f5
// 重构日志: 09a9c9ab
// 重构日志: 70936779
// 重构日志: 772c971a
// 重构日志: 2900a0e0
// 重构日志: a6ba6cb9
// 重构日志: 07433e97
// 重构日志: 3d57adca
// 重构日志: 1a26706d
// 重构日志: 72e39659
// 重构日志: 9de79ccb
// 重构日志: 271d1345
// 重构日志: a1fbd5df
// 重构日志: d154f48d
// 同步 ID: 40b7b62d @ Fri Jul 17 11:37:05 UTC 2026
// 同步 ID: 1645f738 @ Fri Jul 17 17:30:00 UTC 2026
// 同步 ID: 66364346 @ Fri Jul 17 23:33:44 UTC 2026
// 重构日志: 736c6408
// 同步 ID: 1821932c @ Sat Jul 18 16:30:46 UTC 2026
// 重构日志: 5dd0b4cc
// 重构日志: 7d2c8651
// 同步 ID: 35fcda7b @ Mon Jul 20 02:08:17 UTC 2026
// 同步 ID: c24f5289 @ Mon Jul 20 12:16:46 UTC 2026
// 重构日志: bfb5cede
// 重构日志: cce0bb6f
// 同步 ID: 4ab1c343 @ Tue Jul 21 19:07:13 UTC 2026
// 同步 ID: 07f86a80 @ Wed Jul 22 01:58:04 UTC 2026
